The system is: Linux - 5.15.133.1-microsoft-standard-WSL2 - x86_64
Compiling the C compiler identification source file "CMakeCCompilerId.c" succeeded.
Compiler: /usr/bin/cc 
Build flags: 
Id flags:  

The output was:
0


Compilation of the C compiler identification source "CMakeCCompilerId.c" produced "a.out"

The C compiler identification is GNU, found in "/mnt/c/Users/noname/Documents/GitHub/cmake_test/CMakeFiles/3.22.1/CompilerIdC/a.out"

Compiling the CXX compiler identification source file "CMakeCXXCompilerId.cpp" succeeded.
Compiler: /usr/bin/c++ 
Build flags: 
Id flags:  

The output was:
0


Compilation of the CXX compiler identification source "CMakeCXXCompilerId.cpp" produced "a.out"

The CXX compiler identification is GNU, found in "/mnt/c/Users/noname/Documents/GitHub/cmake_test/CMakeFiles/3.22.1/CompilerIdCXX/a.out"

Determining if the C compiler works passed with the following output:
Change Dir: /mnt/c/Users/noname/Documents/GitHub/cmake_test/CMakeFiles/CMakeTmp

Run Build Command(s):/usr/bin/gmake -f Makefile cmTC_0e293/fast && /usr/bin/gmake  -f CMakeFiles/cmTC_0e293.dir/build.make CMakeFiles/cmTC_0e293.dir/build
gmake[1]: Entering directory '/mnt/c/Users/noname/Documents/GitHub/cmake_test/CMakeFiles/CMakeTmp'
Building C object CMakeFiles/cmTC_0e293.dir/testCCompiler.c.o
/usr/bin/cc    -o CMakeFiles/cmTC_0e293.dir/testCCompiler.c.o -c /mnt/c/Users/noname/Documents/GitHub/cmake_test/CMakeFiles/CMakeTmp/testCCompiler.c
Linking C executable cmTC_0e293
/usr/bin/cmake -E cmake_link_script CMakeFiles/cmTC_0e293.dir/link.txt --verbose=1
/usr/bin/cc -rdynamic CMakeFiles/cmTC_0e293.dir/testCCompiler.c.o -o cmTC_0e293 
gmake[1]: Leaving directory '/mnt/c/Users/noname/Documents/GitHub/cmake_test/CMakeFiles/CMakeTmp'



Determining if the CXX compiler works passed with the following output:
Change Dir: /mnt/c/Users/noname/Documents/GitHub/cmake_test/CMakeFiles/CMakeTmp

Run Build Command(s):/usr/bin/gmake -f Makefile cmTC_158dd/fast && /usr/bin/gmake  -f CMakeFiles/cmTC_158dd.dir/build.make CMakeFiles/cmTC_158dd.dir/build
gmake[1]: Entering directory '/mnt/c/Users/noname/Documents/GitHub/cmake_test/CMakeFiles/CMakeTmp'
Building CXX object CMakeFiles/cmTC_158dd.dir/testCXXCompiler.cxx.o
/usr/bin/c++    -o CMakeFiles/cmTC_158dd.dir/testCXXCompiler.cxx.o -c /mnt/c/Users/noname/Documents/GitHub/cmake_test/CMakeFiles/CMakeTmp/testCXXCompiler.cxx
Linking CXX executable cmTC_158dd
/usr/bin/cmake -E cmake_link_script CMakeFiles/cmTC_158dd.dir/link.txt --verbose=1
/usr/bin/c++ -rdynamic CMakeFiles/cmTC_158dd.dir/testCXXCompiler.cxx.o -o cmTC_158dd 
gmake[1]: Leaving directory '/mnt/c/Users/noname/Documents/GitHub/cmake_test/CMakeFiles/CMakeTmp'



